<?xml version="1.0" encoding="UTF-8"?>
<!-- Generated by org.testng.reporters.JUnitXMLReporter -->
<testsuite hostname="LAPTOP-SB048Q3R" ignored="2" name="Default test" tests="1" failures="0" timestamp="01 Jan 2019 20:10:09 GMT" time="0.998" errors="0">
  <testcase name="writeDataInExcel" time="0.951" classname="oneHundred.ExcelDataOneHundred.ReadingFromExce"/>
  <testcase name="creatNewExcelFile" time="0.0" classname="oneHundred.ExcelDataOneHundred.ReadingFromExce">
    <ignored/>
  </testcase> <!-- creatNewExcelFile -->
  <testcase name="readingExcel" time="0.0" classname="oneHundred.ExcelDataOneHundred.ReadingFromExce">
    <ignored/>
  </testcase> <!-- readingExcel -->
</testsuite> <!-- Default test -->
